Build started 2016-01-13 10:31:33 PM.
     1>Project "C:\Development\Git\Mod-Update-Tool\Mod Update Tool\Mod Update Tool\Mod Update Tool.vcxproj" on node 2 (Build target(s)).
     1>ClCompile:
         C:\Program Files (x86)\Microsoft Visual Studio 14.0\VC\bin\CL.exe /c /I"C:\Development\Git\Mod-Update-Tool\Mod Update Tool\Curl\include" /I"C:\Program Files (x86)\Visual Leak Detector\include" /ZI /nologo /W3 /WX- /sdl /Od /Oy- /D _MBCS /Gm /EHsc /RTC1 /MDd /GS /fp:precise /Zc:wchar_t /Zc:forScope /Zc:inline /Fo"Debug\\" /Fd"Debug\vc140.pdb" /Gd /TP /analyze- /errorReport:prompt main.cpp PatchInfo.cpp
         PatchInfo.cpp
         main.cpp
         Generating Code...
       Link:
         C:\Program Files (x86)\Microsoft Visual Studio 14.0\VC\bin\link.exe /ERRORREPORT:PROMPT /OUT:"C:\Development\Git\Mod-Update-Tool\Mod Update Tool\Debug\Mod Update Tool.exe" /INCREMENTAL /NOLOGO /LIBPATH:"C:\Development\Git\Mod-Update-Tool\Mod Update Tool\Curl\lib" /LIBPATH:"C:\Program Files (x86)\Visual Leak Detector\lib\Win32" libcurl.lib kernel32.lib user32.lib gdi32.lib winspool.lib comdlg32.lib advapi32.lib shell32.lib ole32.lib oleaut32.lib uuid.lib odbc32.lib odbccp32.lib /MANIFEST /MANIFESTUAC:"level='asInvoker' uiAccess='false'" /manifest:embed /Debug /PDB:"C:\Development\Git\Mod-Update-Tool\Mod Update Tool\Debug\Mod Update Tool.pdb" /TLBID:1 /DYNAMICBASE /NXCOMPAT /IMPLIB:"C:\Development\Git\Mod-Update-Tool\Mod Update Tool\Debug\Mod Update Tool.lib" /MACHINE:X86 Debug\main.obj
         Debug\PatchInfo.obj
     1>main.obj : error LNK2019: unresolved external symbol __imp__curl_easy_init referenced in function _main
     1>C:\Development\Git\Mod-Update-Tool\Mod Update Tool\Curl\lib\libcurl.lib : warning LNK4272: library machine type 'x64' conflicts with target machine type 'X86'
     1>C:\Development\Git\Mod-Update-Tool\Mod Update Tool\Debug\Mod Update Tool.exe : fatal error LNK1120: 1 unresolved externals
     1>Done Building Project "C:\Development\Git\Mod-Update-Tool\Mod Update Tool\Mod Update Tool\Mod Update Tool.vcxproj" (Build target(s)) -- FAILED.

Build FAILED.

Time Elapsed 00:00:01.91
